V E Ir I1mr ILmr Dr D1mr DLmr Dw D1mw DLmw Bc Bcm Bi Bim function
100 500 636,472   55   55  96,153   692     1  79,976   955     0 126,373 3,018      0   0  Baseline
100 500 358,516   91   91  89,523   169     0  47,981   403     7  48,720 6,624      0   0  Merge
100 500 345,193   93   92  90,506   281     1  37,914   291     0  47,017 6,150      0   0  Merge+SIMD
100 500 324,962   98   98  92,290   215     0  47,598   416    12  45,607 6,578      0   0  Merge+Rand
100 500 320,406   86   86  67,670   135     0  45,376   353     0  40,493 6,658      0   0  Inline
100 500 312,276   78   78  68,648   187     0  33,532   310   228  40,987 7,010      0   0  Vector
100 1000 1,241,119   54   54 183,459 22,672     1 151,986 24,060     0 250,745  5,857      0   0  Baseline
100 1000  672,339   91   91 163,578    292     0  86,879    897    87  92,056 12,445      0   0  Merge
100 1000  617,740   92   91 156,838    889     1  65,568    510    83  85,695 11,376      0   0  Merge+SIMD
100 1000 613,039   97   97 169,754    324     0  87,106    907    67  87,278 11,922      0   0  Merge+Rand
100 1000  598,789   84   84 124,458    607     0  81,449    680     0  77,403 12,839      0   0  Inline
100 1000 587,931   78   78 123,458    740     0  57,161    545   382  78,984 14,004      0   0  Vector
1000 5000 44,248,636   55   55  5,792,068 1,281,600     1  5,491,095 1,294,083  2,273 10,491,839  56,926       0   0  Baseline
1000 5000  6,581,911   91   91  1,599,375    14,909     0    838,310    18,563      0    898,612 112,973       0   0  Merge
1000 5000 6,457,398   98   98  1,809,913    15,620     0    917,368    21,143    775    927,961 137,658       0   0  Merge+Rand
1000 5000 6,059,489   78   78  1,268,403    36,510     0    604,128     7,180  3,605    810,798 134,965       0   0  Vector
1000 5000 5,884,869   93   92  1,478,770    40,328     1    630,818     6,123      0    812,374 104,436       0   0  Merge+SIMD
1000 5000 5,613,921   87   87  1,153,586    34,327     0    756,863    41,023    359    716,401 109,670       0   0  Inline
1000 10000 88,980,427   54   54 11,622,702 2,562,839     1 10,968,310 2,579,572  4,954 21,069,395 137,076       0   0  Baseline
1000 10000 13,207,650   91   91  3,134,731    25,507     0  1,625,532    42,366    823  1,814,744 236,690       0   0  Merge
1000 10000 13,004,172   78   78  2,617,881    91,316     0  1,204,535    15,899  6,818  1,776,243 314,464       0   0  Vector
1000 10000 12,205,303   97   97  3,294,419    25,285     0  1,651,680    42,283    169  1,740,193 196,994       0   0  Merge+Rand
1000 10000 11,832,410   84   84  2,373,752    64,964     0  1,529,096    74,280    844  1,532,669 243,229       0   0  Inline
1000 10000 11,265,821   91   90  2,730,001    95,052     1  1,156,396    12,546      0  1,575,234 213,205       0   0  Merge+SIMD
1000 20000 176,058,939   55   55 22,849,348 5,094,469     1 21,659,070 5,132,270  9,116 41,951,395 267,303       0   0  Baseline
1000 20000  23,808,948   91   91  5,545,319    49,102     0  2,837,108    86,921    669  3,293,404 440,605       0   0  Merge
1000 20000 23,324,299   78   78  4,561,716   212,709     0  2,034,091    36,313 10,337  3,243,392 598,403       0   0  Vector
1000 20000 21,922,085   96   96  5,844,069    49,643     0  2,884,440    86,039    528  3,169,212 372,494       0   0  Merge+Rand
1000 20000 20,919,465   84   84  4,136,996    98,209     0  2,631,473   121,053    248  2,746,430 444,941       0   0  Inline
1000 20000 20,530,276   91   90  4,815,171   219,031     1  1,991,790    30,540      0  2,897,458 419,317       0   0  Merge+SIMD
5000 10000   409,851,476   55   55    51,891,450 12,635,931     1    51,230,833 12,637,047  2,107   101,107,079 133,492         0   0  Baseline
5000 10000    13,994,846   92   92     3,484,632     59,247     0     1,872,541     42,314  1,223     1,869,890 240,252         0   0  Merge
5000 10000   13,740,667   78   78     2,981,266    109,844     0     1,484,875     19,791  8,305     1,787,866 296,544         0   0  Vector
5000 10000   13,207,948   92   91     3,442,561    117,068     1     1,509,505     16,985      0     1,772,121 231,276         0   0  Merge+SIMD
5000 10000   12,711,509   87   87     2,631,693    143,879     0     1,779,901    126,329  1,632     1,568,502 241,606         0   0  Inline
5000 10000    9,216,059   99   99     2,566,989     53,239     0     1,348,873     31,775    918     1,225,160 132,228         0   0  Merge+Rand
5000 20000   822,482,150   55   55   104,133,868 25,224,764     1   102,536,264 25,236,970  4,165   202,628,411 323,868         0   0  Baseline
5000 20000 34,040,425   92   92     8,206,546    120,337     0     4,280,827    124,931  4,096     4,649,624 593,179         0   0  Merge
5000 20000   32,702,213   77   77     6,751,303    294,426     0     3,210,162     45,142 12,470     4,398,572 750,640         0   0  Vector
5000 20000   30,007,149   93   92     7,447,857    316,301     1     3,190,967     38,842  1,542     4,149,975 547,348         0   0  Merge+SIMD
5000 20000   29,885,895   87   87     6,058,843    250,988     0     3,956,108    225,145  4,621     3,815,002 588,449         0   0  Inline
5000 20000   29,264,126   98   98     8,055,429    116,761     0     4,047,948    119,193  3,128     4,146,118 491,487         0   0  Merge+Rand
5000 40000 1,649,620,876   54   54   208,841,739 50,412,006     1   205,218,203 50,445,658 32,005   405,961,433   785,662         0   0  Baseline
5000 40000   73,549,565   78   78    14,614,093    731,611     0     6,721,229    115,506 37,775    10,097,527 1,798,124         0   0  Vector
5000 40000   72,881,343   91   91    17,159,495    232,358     0     8,846,621    297,211  2,991    10,040,937 1,310,236         0   0  Merge
5000 40000   69,122,537   97   97    18,680,344    254,767     0     9,281,790    316,444  9,697     9,997,045 1,237,505         0   0  Merge+Rand
5000 40000   64,445,333   85   85    12,809,354    467,409     0     8,198,807    411,319      0     8,365,428 1,329,524         0   0  Inline
5000 40000   60,513,085   92   91    14,469,064    721,833     1     6,148,969     88,951  2,403     8,493,225 1,164,128         0   0  Merge+SIMD
5000 80000  3,298,085,186   54   54   417,108,116 100,721,991     1   409,827,574 100,813,993  27,919   812,034,731 1,673,769         0   0  Baseline
5000 80000  146,742,571   78   78    28,316,480   1,731,381     0    12,677,120     260,089  74,180    20,480,839 3,764,892         0   0  Vector
5000 80000  141,925,425   90   90    32,789,001     468,681     0    16,695,383     649,954  18,799    19,680,297 2,644,203         0   0  Merge
5000 80000  126,548,479   95   95    34,032,463     532,845     0    16,705,508     683,962   8,210    18,648,180 2,624,170         0   0  Merge+Rand
5000 80000  125,835,501   83   83    24,551,622     847,333     0    15,502,900     745,472     797    16,532,562 2,682,758         0   0  Inline
5000 80000  115,048,653   91   90    26,647,691   1,522,805     1    11,124,128     200,566   4,103    16,310,788 2,370,842         0   0  Merge+SIMD
10000 20000 1,621,152,413   55   55   204,027,678  50,295,784     1   202,598,663  50,294,703  4,158   402,394,411 293,864         0   0  Baseline
10000 20000   30,906,031   92   92     7,640,772     139,825     0     4,086,306     104,609  7,876     4,143,211 534,329         0   0  Merge
10000 20000   30,848,270   99   99     8,690,885     155,450     0     4,470,547     119,131  2,544     4,316,233 620,355         0   0  Merge+Rand
10000 20000   29,785,162   78   78     6,398,218     268,405     0     3,168,713      44,130 10,233     3,897,299 653,302         0   0  Vector
10000 20000   28,099,811   93   92     7,262,578     283,981     1     3,179,721      36,995      0     3,783,397 496,686         0   0  Merge+SIMD
10000 20000   27,462,054   87   87     5,654,300     300,170     0     3,803,814     272,771  6,146     3,403,764 526,731         0   0  Inline
10000 40000 3,250,450,967   55   55   409,186,132 100,499,727     1   405,579,456 100,523,974  42,083   805,947,503   749,786         0   0  Baseline
10000 40000  75,603,358   92   92    18,108,048     291,535     0     9,412,857     301,775   6,459    10,348,246 1,328,155         0   0  Merge
10000 40000   74,114,508   78   78    15,127,394     744,829     0     7,147,644     113,061  43,410    10,026,043 1,729,023         0   0  Vector
10000 40000   66,040,835   86   86    13,301,012     546,075     0     8,643,139     486,588     150     8,458,162 1,314,731         0   0  Inline
10000 40000   64,960,419   93   92    15,977,115     761,155     1     6,843,946      93,511       0     9,012,202 1,201,219         0   0  Merge+SIMD
10000 40000   45,126,135   98   98    12,288,240     225,417     0     6,148,115     197,214   1,923     6,270,691   582,740         0   0  Merge+Rand
10000 80000 6,511,813,722   55   55   819,756,920 200,918,374     1   811,563,227 201,000,547  40,541 1,613,522,167 1,809,216         0   0  Baseline
10000 80000  167,287,724   78   78    32,929,322   1,849,461     0    15,084,876     275,730  89,210    23,068,705 4,134,179         0   0  Vector
10000 80000  162,861,550   91   91    38,135,175     581,065     0    19,597,494     712,805   7,353    22,483,963 2,947,989         0   0  Merge
10000 80000  152,615,197   97   97    40,789,726     607,257     0    20,201,050     729,549   2,123    21,984,800 2,494,681         0   0  Merge+Rand
10000 80000  144,455,927   86   86    28,537,407   1,041,747     0    18,177,994     915,448       0    18,810,120 3,003,069         0   0  Inline
10000 80000  133,558,567   92   91    31,639,659   1,712,786     1    13,429,284     212,875       0    18,805,618 2,609,491         0   0  Merge+SIMD
20000 40000 6,445,476,741   55   55    808,582,078 200,616,398     1    805,486,845 200,598,993  17,973  1,605,188,423   668,858         0   0  Baseline
20000 40000    65,879,941   92   92     16,190,444     317,706     0      8,630,236     237,245   3,517      8,853,836 1,143,272         0   0  Merge
20000 40000    64,640,003   78   78     13,731,382     643,955     0      6,755,041     100,031  42,017      8,509,738 1,444,688         0   0  Vector
20000 40000    59,277,910   93   92     15,193,540     664,877     1      6,642,998      86,599   3,563      8,013,540 1,059,695         0   0  Merge+SIMD
20000 40000    59,065,756   87   87     12,083,659     628,769     0      8,086,845     554,069      99      7,352,925 1,143,782         0   0  Inline
20000 40000    55,220,752   99   99     15,247,410     299,541     0      7,857,430     216,899   6,669      7,578,194   837,059         0   0  Merge+Rand
20000 80000 12,911,755,890   55   55  1,620,161,088 401,061,951     1  1,612,130,559 401,131,878  43,010  3,213,275,799 1,708,871         0   0  Baseline
20000 80000   165,903,593   92   92     39,493,517     681,613     0     20,452,829     711,066  26,893     22,763,342 2,943,374         0   0  Merge
20000 80000   165,566,950   78   78     33,430,932   1,840,371     0     15,693,086     267,048  90,861     22,527,379 3,928,910         0   0  Vector
20000 80000   145,135,690   86   86     29,033,052   1,180,207     0     18,771,000   1,045,158     132     18,656,740 2,922,525         0   0  Inline
20000 80000   141,651,351   93   92     34,486,907   1,778,623     1     14,751,004     225,901   2,087     19,729,334 2,663,292         0   0  Merge+SIMD
20000 80000    83,636,344   98   98     22,740,280     476,446     0     11,352,475     390,841   3,829     11,557,332 1,070,206         0   0  Merge+Rand
