100 500 584,522,000    37   37  91,361,000   574,095     0  79,060,000   647,464     314 120,874,000 2,683,739          0      0  Baseline
100 500 26,751,000    45   45  55,896,000   243,664     0  26,138,000   238,412     142  30,995,000 5,529,022          0      0  V1
100 500 226,562,000    45   45  49,913,000   128,653     0  35,482,000   177,742       9  26,115,000 3,761,338          0      0  Inline
100 500 210,762,000    45   45  60,140,000   112,263     0  32,337,000   332,287      15  26,876,000 3,934,464          0      0  V1Mg
100 500 206,341,787 3,687   51  62,968,155   151,509     0  29,480,954   370,002       7  25,484,368 3,573,874          0      0  V1MgRd
100 500 195,941,998    51   45  63,245,014   156,053     0  28,482,851   383,614       0  23,886,797 2,801,579          0      0  V1MgRdSIMD
100 500 194,994,000    39   39  62,411,000   154,872     1  30,343,000   450,061       8  24,291,000 3,353,346          0      0  V1MgSIMD
100 500 190,604,000    39   39  50,647,000    16,844     0  27,050,000   217,021       0  22,136,000 3,305,219          0      0  V2MgSIMD
100 500 179,894,000    38   38  44,455,000     9,779     0  24,854,000   196,700       0  22,450,000 3,296,726          0      0  V2Mg
100 500 175,058,000    53   53  61,434,000   124,304     0  32,894,000   358,342       2  19,440,000 2,257,937          0      0  V1MgBS
100 500 163,187,000    62   62  66,042,000   105,879     3  31,475,000   360,017       5  17,438,000 1,565,923          0      0  V1MgBSSIMD
100 500 163,110,000 2,065   60  59,407,000    21,514     0  30,469,000   250,580       0  15,134,000 1,545,683          0      0  V2MgBSSIMD
100 500 147,120,000 1,044   45  45,432,000    11,023     0  25,501,000   195,272       0  15,520,000 1,862,524          0      0  V2MgBS
1000 5000 434,957,530   37   37  57,447,600 12,776,793     0  55,019,500 12,934,408  2,588 104,225,250   562,052         0   0  Baseline
1000 5000  47,902,210   45   45  10,881,880    335,473     0   5,242,480     62,598  2,741   6,739,120 1,223,777         0   0  V1
1000 5000  43,606,540   45   45   9,678,960    312,274     0   6,584,550    374,837    356   5,378,370   838,069         0   0  Inline
1000 5000  40,963,670   45   45  10,965,680    116,823     0   5,962,590    175,251    248   5,405,410   774,971         0   0  V1Mg
1000 5000  40,704,331   97   51  11,635,995    138,674     0   5,471,643    181,896    517   5,248,441   743,453         0   0  V1MgRd
1000 5000  37,879,460   38   38   9,205,450      1,896     0   4,997,710     38,712  3,243   5,048,190   821,674         0   0  V2Mg
1000 5000  37,856,450   39   39   9,832,350      2,129     0   5,150,110     46,032    155   4,757,090   769,066         0   0  V2MgSIMD
1000 5000  36,207,901   52   45  11,124,067    144,134     0   4,844,196    192,812      6   4,650,593   537,242         0   0  V1MgRdSIMD
1000 5000  35,490,220   39   39  10,717,790    126,571     1   5,171,010    206,727    356   4,658,720   612,938         0   0  V1MgSIMD
1000 5000  31,917,392   54   54  10,962,100    117,068     0   6,032,276    175,726     23   3,658,282   366,553         0   0  V1MgBS
1000 5000  30,567,180  105   60  11,254,650      2,128     0   5,628,450     41,578    341   3,112,110   334,550         0   0  V2MgBSSIMD
1000 5000  28,946,438   55   46   9,167,747      1,822     0   5,077,733     39,085      0   3,301,541   400,105         0   0  V2MgBS
1000 5000  28,459,740   72   62  11,742,020    117,428     3   5,400,410    177,411      0   3,131,850   172,294         0   0  V1MgBSSIMD
5000 25000 3,071,955,639   37   37   389,896,161 94,485,893     0   384,815,088 94,598,116  17,693   758,931,114 1,271,044         0   0  Baseline
5000 25000   104,149,011   45   45    22,746,333  1,135,973     0    11,024,718    168,678  24,753    14,851,836 2,790,875         0   0  V1
5000 25000    91,274,652   45   45    20,182,854    841,954     0    13,451,853    767,028       0    11,577,945 1,878,548         0   0  Inline
5000 25000    85,622,382   45   45    22,201,776    393,074     0    12,051,825    471,251   7,693    11,471,493 1,691,408         0   0  V1Mg
5000 25000    84,734,074   62   51    23,434,205    519,360     0    11,015,744    486,860     929    11,106,053 1,638,917         0   0  V1MgRd
5000 25000    80,874,924   38   38    19,376,187      4,066     0    10,369,011     84,698  25,901    11,037,867 1,878,446         0   0  V2Mg
5000 25000    80,097,963   39   39    20,456,553      5,155     0    10,595,259    108,864     441    10,385,649 1,731,507         0   0  V2MgSIMD
5000 25000    74,569,474   46   45    22,208,500    531,020     0     9,514,518    511,422     120     9,796,149 1,192,560         0   0  V1MgRdSIMD
5000 25000    72,767,715   39   39    21,253,281    407,438     1    10,169,709    535,747       0     9,781,014 1,296,583         0   0  V1MgSIMD
5000 25000    64,157,106   54   54    21,896,650    394,397     0    12,162,378    476,108       0     7,425,292   704,610         0   0  V1MgBS
5000 25000    63,536,106   66   60    23,485,578      4,807     0    11,606,616     98,477   3,912     6,689,436   723,079         0   0  V2MgBSSIMD
5000 25000    59,568,423   47   45    19,013,514      3,911     0    10,492,893     86,611   3,954     6,976,140   862,643         0   0  V2MgBS
5000 25000    56,452,350   62   62    23,450,847    397,172     3    10,619,052    478,310       0     6,275,121   262,499         0   0  V1MgBSSIMD
10000 50000 4,053,844,089   37   37   511,025,387 125,561,257       0   507,201,995 125,618,697  36,283 1,006,743,910   974,985         0   0  Baseline
10000 50000  79,720,780   45   45    17,164,969     967,763       1     8,322,804     137,234  42,540    11,424,840 2,165,929         0   0  V1
10000 50000   68,971,001   46   46    15,212,601     637,604       0    10,062,758     555,805   4,163     8,831,552 1,450,911         0   0  Inline
10000 50000   64,684,111   45   45    16,573,764     330,029       0     8,984,795     381,881   3,409     8,710,240 1,295,550         0   0  V1Mg
10000 50000   63,812,913   51   51    17,428,499     452,670       0     8,181,964     389,611   2,608     8,411,616 1,250,185         0   0  V1MgRd
10000 50000   61,129,291   38   38    14,553,006       4,025       0     7,745,570      71,295  46,796     8,404,982 1,442,581         0   0  V2Mg
10000 50000   60,742,019   40   40    15,405,976       4,974       0     7,942,969      87,419   3,188     7,956,206 1,338,842         0   0  V2MgSIMD
10000 50000   55,607,644   45   45    16,362,543     457,112       0     6,968,616     403,179       6     7,358,552   904,169         0   0  V1MgRdSIMD
10000 50000   54,664,637   39   39    15,761,843     338,337       1     7,514,021     425,722  18,575     7,407,715   985,791         0   0  V1MgSIMD
10000 50000   47,768,298   54   54    16,266,610     331,163       0     9,064,898     388,497       0     5,546,090   515,310         0   0  V1MgBS
10000 50000   47,647,791   60   60    17,641,244       7,195       2     8,673,255      81,177      40     5,065,773   547,582         0   0  V2MgBSSIMD
10000 50000   44,405,888   45   45    14,204,106       4,041       0     7,832,262      76,572  14,808     5,241,108   647,800         0   0  V2MgBS
10000 50000   41,720,126   61   61    17,374,978     334,886       3     7,815,967     392,808      22     4,651,094   175,686         0   0  V1MgBSSIMD
