100 200  0.239498 
100 500  0.223212 
100 1000  0.233506 
100 2000  0.231654 
1000 2000  0.232525  
1000 5000  0.249325  
1000 10000  0.262059 
1000 20000  0.251998 
1000 25000  0.260142 
1000 40000  0.257605  
5000 10000  0.258030 
5000 20000  0.275150 
5000 25000  0.278430 
5000 40000  0.268110  
5000 50000  0.288762  
5000 80000  0.345157   
5000 100000  0.339201 
10000 20000  0.269196 
10000 25000  0.276668 
10000 40000  0.262306 
10000 50000  0.273807 
10000 80000  0.341435 
10000 100000 0.370646  
50000 80000 0.311125  
50000 100000 0.351102  
50000 500000 1.171424 
50000 1000000 2.918651  
100000 500000 1.499817  
100000 1000000 2.838102 
