V, E, Baseline, Inline, Inline+simd, Vector, Vector+Merge, Vector+Merge+simd(jkswap), Vector+Merge+simd(jkswap+sampling), Vector+Merge+simd(aligned+jkswap+sampling), Vector+Merge+simd(aligned+jkswap+sampling)+precompute_csum, Vector+Merge+pcgrand, Vector+Merge+pcgrand+simd(jkswap)
100 200  8.25005e-05  5.59e-05  8.67505e-05  9.99005e-05  7.67005e-05  7.81505e-05  7.62005e-05  0.000111951  9.16005e-05  9.19505e-05  8.29505e-05
100 500  0.000201351  0.00014225  0.000162951  0.000192451  0.000150551  0.000164701  0.000168301  0.000162751  0.000168751  0.000180401  0.000161051
100 1000  0.000419553  0.000325202  0.000301252  0.000311152  0.000294802  0.000336302  0.000474103  0.000310902  0.000264502  0.000305752  0.000324252
100 2000  0.000711105  0.000454203  0.000601104  0.000513002  0.000520753  0.000488403  0.000572254  0.000495403  0.000462803  0.000537253  0.000534203
1000 2000  0.00405912  0.00165016  0.00201596  0.00125876  0.00107786  0.00101406  0.00105961  0.000990556  0.00105501  0.00117526  0.00124206
1000 5000  0.0105443  0.00383282  0.00411332  0.00367042  0.00357672  0.00315387  0.00308392  0.00212721  0.00212136  0.00322747  0.00315437
1000 10000  0.0205357  0.0080248  0.00774004  0.00695849  0.00621004  0.00634304  0.00618164  0.00369607  0.00359692  0.00653034  0.00640294
1000 16000  0.0333674  0.0101132  0.0106692  0.0112113  0.00958985  0.00964685  0.0093193  0.00605763  0.00612474  0.00970776  0.00985481
1000 20000  0.043132  0.0127425  0.0133302  0.0136348  0.0121386  0.0124289  0.0120397  0.00741164  0.00722189  0.0120051  0.0116188
1000 25000  0.0511162  0.0151271  0.0158851  0.0164724  0.0147729  0.0151928  0.0145345  0.00951255  0.00975166  0.0147096  0.0151053
1000 40000  0.0784053  0.0223859  0.02215  0.0253366  0.022941  0.0218072  0.020567  0.0146533  0.0142436  0.0209363  0.0215451
5000 10000  0.132765  0.0483889  0.0452252  0.00968836  0.00714804  0.00752369  0.00814615  0.00681759  0.00649309  0.0085306  0.00785049
5000 16000  0.189645  0.0492716  0.0503318  0.0163167  0.0139305  0.0138579  0.0131581  0.00893155  0.00931  0.0161559  0.0148635
5000 20000  0.216639  0.0547618  0.0550899  0.0192432  0.0172777  0.0172178  0.0175605  0.0113017  0.0105952  0.0179045  0.0177234
5000 25000  0.259699  0.0587024  0.0610832  0.0253281  0.0223434  0.0215483  0.0213479  0.0140512  0.0140189  0.0219318  0.0227506
5000 40000  0.373194  0.0757964  0.0785483  0.0435381  0.0371659  0.0421948  0.0369829  0.0202064  0.0195985  0.0380707  0.0393147
5000 50000  0.47732  0.089868  0.0903152  0.0584761  0.0481819  0.0444876  0.0451337  0.023601  0.023875  0.0492762  0.0470899
5000 80000  0.676257  0.119843  0.119961  0.0919625  0.0761829  0.0771483  0.0754818  0.0366242  0.0354083  0.079028  0.0808866
5000 100000  0.86168  0.133298  0.132008  0.113132  0.0934772  0.100706  0.0924079  0.0480014  0.0471484  0.104512  0.101806
5000 160000  1.36133  0.190197  0.191958  0.179642  0.147382  0.148549  0.145227  0.0852982  0.0768458  0.149975  0.15025
8000 10000  0.265359  0.115063  0.110777  0.00647414  0.00539038  0.00548228  0.00530868  0.00538418  0.00522868  0.00573133  0.00599403
8000 16000  0.349709  0.121575  0.12316  0.014933  0.0128955  0.0128794  0.013148  0.0100307  0.0094721  0.0137363  0.0134272
8000 20000  0.418233  0.119854  0.124632  0.0195003  0.0172067  0.0170538  0.0165967  0.0119633  0.0116517  0.0179874  0.0176907
8000 25000  0.468285  0.135883  0.14074  0.0262321  0.0217524  0.0215094  0.0209115  0.0156594  0.0172135  0.0247595  0.0238034
8000 40000  0.652995  0.147194  0.151723  0.0460248  0.0391429  0.0369741  0.0386029  0.0227409  0.0217823  0.0400182  0.0400309
8000 50000  0.775615  0.161897  0.163642  0.0578126  0.0519557  0.0500178  0.0496113  0.0280718  0.0278884  0.0531479  0.0518306
8000 80000  1.16174  0.213678  0.206678  0.100166  0.0845061  0.0851531  0.08311  0.0404112  0.0381431  0.0879453  0.0865975
8000 100000  1.39814  0.228052  0.230753  0.128429  0.106942  0.107223  0.111194  0.0505735  0.0459547  0.112044  0.113247
8000 160000  2.1525  0.282858  0.285476  0.21448  0.173686  0.170586  0.16619  0.0869629  0.0825032  0.182207  0.177131
10000 16000  0.490873  0.216368  0.188088  0.0137819  0.0108605  0.0121532  0.0107094  0.00955465  0.0093526  0.0117428  0.011713
10000 20000  0.556873  0.210247  0.207995  0.0189792  0.0158813  0.0163559  0.0171225  0.0120303  0.0117878  0.0192446  0.0192173
10000 25000  0.650718  0.212621  0.213683  0.0260336  0.0218392  0.0213708  0.0217034  0.0161089  0.0149731  0.022068  0.0233431
10000 40000  0.87784  0.236762  0.23749  0.0459228  0.0408534  0.0469784  0.0379274  0.0235697  0.0230394  0.0408872  0.0411448
10000 50000  1.01889  0.246086  0.242819  0.0597246  0.0508486  0.0512856  0.0566346  0.0302227  0.0287123  0.0536275  0.0567239
10000 80000  1.48605  0.284085  0.28535  0.102849  0.0856341  0.0866448  0.0850543  0.043524  0.0434196  0.0959127  0.0903053
10000 100000  1.76209  0.308395  0.301273  0.140247  0.118379  0.119913  0.113975  0.0538229  0.0525598  0.117472  0.123364
10000 160000  2.73236  0.384433  0.381276  0.231947  0.1818  0.182262  0.180987  0.0849979  0.0839593  0.188538  0.190137
